[+] Containers:
 |- [+] Container: /Game/FirstPerson/Maps/FirstPersonMap
 |   |- [+] ActorDescs:
 |   |   |- Guid:010AFF3A4B1BCE2A7271808F7603F8C9 NativeClass:/Script/Engine.StaticMeshActor Name:StaticMeshActor_UAID_7C4D8FB8F6A9FF4F02_2137963808 Label:SM_Cube11 SpatiallyLoaded:true EditorBounds:IsValid=true, Min=(X=-339.068 Y=4081.040 Z=-219.283), Max=(X=27.337 Y=4481.040 Z=0.394) RuntimeBounds:IsValid=true, Min=(X=-339.068 Y=4081.040 Z=-219.283), Max=(X=27.337 Y=4481.040 Z=0.394) RuntimeGrid:None EditorOnly:false RuntimeOnly:false HLODRelevant:true ListedInSceneOutliner:true IsMainWorldOnly:false FolderPath:Playground FolderGuid:6C02BB504B69D1F3D7A624B130C18E5B
 |   |   |- Guid:06C51E3543336559AC44B6BC8835244F NativeClass:/Script/Engine.StaticMeshActor Name:StaticMeshActor_UAID_7C4D8FB8F6A9FF4F02_1758199806 Label:SM_Cube9 SpatiallyLoaded:true EditorBounds:IsValid=true, Min=(X=-329.534 Y=-152.400 Z=-167.300), Max=(X=32.095 Y=647.600 Z=-1.110) RuntimeBounds:IsValid=true, Min=(X=-329.534 Y=-152.400 Z=-167.300), Max=(X=32.095 Y=647.600 Z=-1.110) RuntimeGrid:None EditorOnly:false RuntimeOnly:false HLODRelevant:true ListedInSceneOutliner:true IsMainWorldOnly:false FolderPath:Playground FolderGuid:6C02BB504B69D1F3D7A624B130C18E5B
 |   |   |- Guid:21262252453B37957EF29F82ABA2413B NativeClass:/Script/Engine.TextRenderActor Name:TextRenderActor_1 Label:TextRenderActor SpatiallyLoaded:true EditorBounds:IsValid=true, Min=(X=-0.100 Y=1100.000 Z=65.013), Max=(X=-0.100 Y=2363.461 Z=215.013) RuntimeBounds:IsValid=true, Min=(X=-0.100 Y=1100.000 Z=65.013), Max=(X=-0.100 Y=2363.461 Z=215.013) RuntimeGrid:None EditorOnly:false RuntimeOnly:false HLODRelevant:false ListedInSceneOutliner:true IsMainWorldOnly:false
 |   |   |- Guid:381CB68B49BC6F9A1169F1B303DB2B3B NativeClass:/Script/Engine.StaticMeshActor Name:StaticMeshActor_UAID_7C4D8FB8F6A9FE4F02_1407507629 Label:SM_Cube8 SpatiallyLoaded:true EditorBounds:IsValid=true, Min=(X=-1595.473 Y=8044.109 Z=-50.000), Max=(X=-795.473 Y=9044.109 Z=0.000) RuntimeBounds:IsValid=true, Min=(X=-1595.473 Y=8044.109 Z=-50.000), Max=(X=-795.473 Y=9044.109 Z=0.000) RuntimeGrid:None EditorOnly:false RuntimeOnly:false HLODRelevant:true ListedInSceneOutliner:true IsMainWorldOnly:false FolderPath:Playground FolderGuid:6C02BB504B69D1F3D7A624B130C18E5B
 |   |   |- Guid:4CE102784BF3BC6A297D4A8F68280AB5 NativeClass:/Script/Engine.StaticMeshActor Name:StaticMeshActor_UAID_7C4D8FB8F6A9FC4F02_1216638271 Label:SM_Cube2 SpatiallyLoaded:true EditorBounds:IsValid=true, Min=(X=-2314.723 Y=-152.400 Z=-161.366), Max=(X=-314.723 Y=647.600 Z=-111.366) RuntimeBounds:IsValid=true, Min=(X=-2314.723 Y=-152.400 Z=-161.366), Max=(X=-314.723 Y=647.600 Z=-111.366) RuntimeGrid:None EditorOnly:false RuntimeOnly:false HLODRelevant:true ListedInSceneOutliner:true IsMainWorldOnly:false FolderPath:Playground FolderGuid:6C02BB504B69D1F3D7A624B130C18E5B
 |   |   |- Guid:5FE7584649BB6F09265329A6C57CFD0D NativeClass:/Script/Engine.VolumetricCloud Name:VolumetricCloud_0 Label:VolumetricCloud SpatiallyLoaded:false EditorBounds:IsValid=true, Min=(X=0.000 Y=0.000 Z=820.000), Max=(X=0.000 Y=0.000 Z=820.000) RuntimeBounds:IsValid=true, Min=(X=0.000 Y=0.000 Z=820.000), Max=(X=0.000 Y=0.000 Z=820.000) RuntimeGrid:None EditorOnly:false RuntimeOnly:false HLODRelevant:false ListedInSceneOutliner:true IsMainWorldOnly:false FolderPath:Lighting FolderGuid:0BA5F0A04EADB18E70D5B180D08FA34B
 |   |   |- Guid:61391D344900612A77DFC3BA3E354907 NativeClass:/Script/Engine.ExponentialHeightFog Name:ExponentialHeightFog_0 Label:ExponentialHeightFog SpatiallyLoaded:false EditorBounds:IsValid=true, Min=(X=-5600.000 Y=-50.000 Z=-6850.000), Max=(X=-5600.000 Y=-50.000 Z=-6850.000) RuntimeBounds:IsValid=true, Min=(X=-5600.000 Y=-50.000 Z=-6850.000), Max=(X=-5600.000 Y=-50.000 Z=-6850.000) RuntimeGrid:None EditorOnly:false RuntimeOnly:false HLODRelevant:false ListedInSceneOutliner:true IsMainWorldOnly:false FolderPath:Lighting FolderGuid:0BA5F0A04EADB18E70D5B180D08FA34B
 |   |   |- Guid:6FEFB3BD4EB37B849EF0D4AC80F83855 NativeClass:/Script/Engine.WorldDataLayers Name:WorldDataLayers Label:WorldDataLayers SpatiallyLoaded:false EditorBounds:IsValid=true, Min=(X=0.000 Y=0.000 Z=0.000), Max=(X=0.000 Y=0.000 Z=0.000) RuntimeBounds:IsValid=true, Min=(X=0.000 Y=0.000 Z=0.000), Max=(X=0.000 Y=0.000 Z=0.000) RuntimeGrid:None EditorOnly:false RuntimeOnly:false HLODRelevant:false ListedInSceneOutliner:true IsMainWorldOnly:true
 |   |   |- Guid:78CAF7514C7533F30BD2F19A017AAB65 NativeClass:/Script/Engine.StaticMeshActor Name:StaticMeshActor_0 Label:SM_Cube SpatiallyLoaded:true EditorBounds:IsValid=true, Min=(X=2.703 Y=-152.400 Z=-50.000), Max=(X=802.703 Y=9847.600 Z=0.000) RuntimeBounds:IsValid=true, Min=(X=2.703 Y=-152.400 Z=-50.000), Max=(X=802.703 Y=9847.600 Z=0.000) RuntimeGrid:None EditorOnly:false RuntimeOnly:false HLODRelevant:true ListedInSceneOutliner:true IsMainWorldOnly:false FolderPath:Playground FolderGuid:6C02BB504B69D1F3D7A624B130C18E5B
 |   |   |- Guid:7FB0D0DA4F66F4233BE1EFA575900ECC NativeClass:/Script/Engine.StaticMeshActor Name:StaticMeshActor_UAID_7C4D8FB8F6A9005002_1281062987 Label:SM_Cube13 SpatiallyLoaded:true EditorBounds:IsValid=true, Min=(X=-515.614 Y=5621.853 Z=-50.000), Max=(X=0.886 Y=6221.853 Z=-0.000) RuntimeBounds:IsValid=true, Min=(X=-515.614 Y=5621.853 Z=-50.000), Max=(X=0.886 Y=6221.853 Z=-0.000) RuntimeGrid:None EditorOnly:false RuntimeOnly:false HLODRelevant:true ListedInSceneOutliner:true IsMainWorldOnly:false FolderPath:Playground FolderGuid:6C02BB504B69D1F3D7A624B130C18E5B
 |   |   |- Guid:80BE2B5E4EB6F274878BF29247265F1C NativeClass:/Script/Engine.StaticMeshActor Name:StaticMeshActor_UAID_7C4D8FB8F6A9FD4F02_1807002448 Label:SM_Cube3 SpatiallyLoaded:true EditorBounds:IsValid=true, Min=(X=-3514.000 Y=2140.367 Z=-161.000), Max=(X=-314.000 Y=2740.367 Z=-111.000) RuntimeBounds:IsValid=true, Min=(X=-3514.000 Y=2140.367 Z=-161.000), Max=(X=-314.000 Y=2740.367 Z=-111.000) RuntimeGrid:None EditorOnly:false RuntimeOnly:false HLODRelevant:true ListedInSceneOutliner:true IsMainWorldOnly:false FolderPath:Playground FolderGuid:6C02BB504B69D1F3D7A624B130C18E5B
 |   |   |- Guid:83CCBE914D8C04C342DA56A7F8324425 NativeClass:/Script/Engine.StaticMeshActor Name:StaticMeshActor_UAID_7C4D8FB8F6A9FE4F02_1374562628 Label:SM_Cube7 SpatiallyLoaded:true EditorBounds:IsValid=true, Min=(X=-798.230 Y=8326.038 Z=-50.000), Max=(X=1.770 Y=8626.038 Z=0.000) RuntimeBounds:IsValid=true, Min=(X=-798.230 Y=8326.038 Z=-50.000), Max=(X=1.770 Y=8626.038 Z=0.000) RuntimeGrid:None EditorOnly:false RuntimeOnly:false HLODRelevant:true ListedInSceneOutliner:true IsMainWorldOnly:false FolderPath:Playground FolderGuid:6C02BB504B69D1F3D7A624B130C18E5B
 |   |   |- Guid:9FB326F849DFF217AF7579BB87939731 NativeClass:/Script/Engine.StaticMeshActor Name:StaticMeshActor_UAID_7C4D8FB8F6A9FF4F02_2058783807 Label:SM_Cube10 SpatiallyLoaded:true EditorBounds:IsValid=true, Min=(X=-329.534 Y=2134.305 Z=-167.300), Max=(X=32.095 Y=2734.305 Z=-1.110) RuntimeBounds:IsValid=true, Min=(X=-329.534 Y=2134.305 Z=-167.300), Max=(X=32.095 Y=2734.305 Z=-1.110) RuntimeGrid:None EditorOnly:false RuntimeOnly:false HLODRelevant:true ListedInSceneOutliner:true IsMainWorldOnly:false FolderPath:Playground FolderGuid:6C02BB504B69D1F3D7A624B130C18E5B
 |   |   |- Guid:A354B1B24E617A525DC6B48CCDE2417E NativeClass:/Script/Engine.PlayerStart Name:PlayerStart_0 Label:PlayerStart SpatiallyLoaded:false EditorBounds:IsValid=true, Min=(X=388.450 Y=-73.578 Z=-35.987), Max=(X=756.450 Y=182.422 Z=220.013) RuntimeBounds:IsValid=true, Min=(X=476.450 Y=14.422 Z=0.013), Max=(X=556.450 Y=94.422 Z=184.013) RuntimeGrid:None EditorOnly:false RuntimeOnly:false HLODRelevant:false ListedInSceneOutliner:true IsMainWorldOnly:false
 |   |   |- Guid:AA58886C46521AD609A0068BA83D883D NativeClass:/Script/Engine.StaticMeshActor Name:StaticMeshActor_UAID_7C4D8FB8F6A9005002_1249016986 Label:SM_Cube12 SpatiallyLoaded:true EditorBounds:IsValid=true, Min=(X=-851.814 Y=5618.609 Z=-167.300), Max=(X=-490.185 Y=6218.609 Z=-1.110) RuntimeBounds:IsValid=true, Min=(X=-851.814 Y=5618.609 Z=-167.300), Max=(X=-490.185 Y=6218.609 Z=-1.110) RuntimeGrid:None EditorOnly:false RuntimeOnly:false HLODRelevant:true ListedInSceneOutliner:true IsMainWorldOnly:false FolderPath:Playground FolderGuid:6C02BB504B69D1F3D7A624B130C18E5B
 |   |   |- Guid:B03777854357710743EAB791F9E5EC6B NativeClass:/Script/Engine.StaticMeshActor Name:StaticMeshActor_UAID_7C4D8FB8F6A9FE4F02_1121451627 Label:SM_Cube6 SpatiallyLoaded:true EditorBounds:IsValid=true, Min=(X=-3190.588 Y=2497.115 Z=-50.000), Max=(X=-2990.588 Y=5997.115 Z=0.000) RuntimeBounds:IsValid=true, Min=(X=-3190.588 Y=2497.115 Z=-50.000), Max=(X=-2990.588 Y=5997.115 Z=0.000) RuntimeGrid:None EditorOnly:false RuntimeOnly:false HLODRelevant:true ListedInSceneOutliner:true IsMainWorldOnly:false FolderPath:Playground FolderGuid:6C02BB504B69D1F3D7A624B130C18E5B
 |   |   |- Guid:BC9B19D4420E925ED74D749CC1C14E48 NativeClass:/Script/Engine.StaticMeshActor Name:StaticMeshActor_UAID_7C4D8FB8F6A97D4D02_1502194810 Label:Boolean SpatiallyLoaded:true EditorBounds:IsValid=true, Min=(X=1848.112 Y=548.112 Z=0.000), Max=(X=2171.888 Y=906.464 Z=1000.000) RuntimeBounds:IsValid=true, Min=(X=1848.112 Y=548.112 Z=0.000), Max=(X=2171.888 Y=906.464 Z=1000.000) RuntimeGrid:None EditorOnly:false RuntimeOnly:false HLODRelevant:true ListedInSceneOutliner:true IsMainWorldOnly:false
 |   |   |- Guid:C0C56B9644AE3D40CAFF6A878DB29844 NativeClass:/Script/Engine.StaticMeshActor Name:StaticMeshActor_UAID_A4AE111137DC5EFB00_2001720423 Label:SM_SkySphere SpatiallyLoaded:false EditorBounds:IsValid=true, Min=(X=-1638400.000 Y=-1638400.000 Z=-1638400.000), Max=(X=1638400.000 Y=1638400.000 Z=1638400.000) RuntimeBounds:IsValid=true, Min=(X=-1638400.000 Y=-1638400.000 Z=-1638400.000), Max=(X=1638400.000 Y=1638400.000 Z=1638400.000) RuntimeGrid:None EditorOnly:false RuntimeOnly:false HLODRelevant:true ListedInSceneOutliner:true IsMainWorldOnly:false FolderPath:Lighting FolderGuid:0BA5F0A04EADB18E70D5B180D08FA34B
 |   |   |- Guid:C22CE07C4B87D685137FDBBC10FC92C6 NativeClass:/Script/Engine.SkyAtmosphere Name:SkyAtmosphere_0 Label:SkyAtmosphere SpatiallyLoaded:false EditorBounds:IsValid=true, Min=(X=0.000 Y=0.000 Z=1020.000), Max=(X=0.000 Y=0.000 Z=1020.000) RuntimeBounds:IsValid=true, Min=(X=0.000 Y=0.000 Z=1020.000), Max=(X=0.000 Y=0.000 Z=1020.000) RuntimeGrid:None EditorOnly:false RuntimeOnly:false HLODRelevant:false ListedInSceneOutliner:true IsMainWorldOnly:false FolderPath:Lighting FolderGuid:0BA5F0A04EADB18E70D5B180D08FA34B
 |   |   |- Guid:CE8D82634660FCDB3120E2B8D547C533 NativeClass:/Script/Engine.PostProcessVolume Name:PostProcessVolume_0 Label:PostProcessVolume SpatiallyLoaded:false EditorBounds:IsValid=true, Min=(X=0.000 Y=0.000 Z=400.000), Max=(X=200.000 Y=200.000 Z=600.000) RuntimeBounds:IsValid=true, Min=(X=0.000 Y=0.000 Z=400.000), Max=(X=200.000 Y=200.000 Z=600.000) RuntimeGrid:None EditorOnly:false RuntimeOnly:false HLODRelevant:false ListedInSceneOutliner:true IsMainWorldOnly:false FolderPath:Lighting FolderGuid:0BA5F0A04EADB18E70D5B180D08FA34B
 |   |   |- Guid:DCE53E1F4C3575DD0E0E259044AF6DF6 NativeClass:/Script/Engine.StaticMeshActor Name:StaticMeshActor_UAID_7C4D8FB8F6A9FD4F02_1895115449 Label:SM_Cube4 SpatiallyLoaded:true EditorBounds:IsValid=true, Min=(X=-3526.435 Y=4085.709 Z=-223.656), Max=(X=-326.435 Y=4485.709 Z=-173.656) RuntimeBounds:IsValid=true, Min=(X=-3526.435 Y=4085.709 Z=-223.656), Max=(X=-326.435 Y=4485.709 Z=-173.656) RuntimeGrid:None EditorOnly:false RuntimeOnly:false HLODRelevant:true ListedInSceneOutliner:true IsMainWorldOnly:false FolderPath:Playground FolderGuid:6C02BB504B69D1F3D7A624B130C18E5B
 |   |   |- Guid:E5320C1B4FD9764CE7B54D8487AEC613 NativeClass:/Script/Engine.SkyLight Name:SkyLight_0 Label:SkyLight SpatiallyLoaded:false EditorBounds:IsValid=true, Min=(X=0.000 Y=0.000 Z=690.000), Max=(X=0.000 Y=0.000 Z=690.000) RuntimeBounds:IsValid=true, Min=(X=0.000 Y=0.000 Z=690.000), Max=(X=0.000 Y=0.000 Z=690.000) RuntimeGrid:None EditorOnly:false RuntimeOnly:false HLODRelevant:false ListedInSceneOutliner:true IsMainWorldOnly:false FolderPath:Lighting FolderGuid:0BA5F0A04EADB18E70D5B180D08FA34B
 |   |   |- Guid:EF7C81BE4684A51B63D92B991E163461 NativeClass:/Script/Engine.StaticMeshActor Name:StaticMeshActor_UAID_7C4D8FB8F6A9FD4F02_1981559450 Label:SM_Cube5 SpatiallyLoaded:true EditorBounds:IsValid=true, Min=(X=-4050.165 Y=5621.853 Z=-161.000), Max=(X=-850.165 Y=6221.853 Z=-111.000) RuntimeBounds:IsValid=true, Min=(X=-4050.165 Y=5621.853 Z=-161.000), Max=(X=-850.165 Y=6221.853 Z=-111.000) RuntimeGrid:None EditorOnly:false RuntimeOnly:false HLODRelevant:true ListedInSceneOutliner:true IsMainWorldOnly:false FolderPath:Playground FolderGuid:6C02BB504B69D1F3D7A624B130C18E5B
 |   |   |- Guid:F80621C9446867154938FE81375207DA NativeClass:/Script/Engine.DirectionalLight Name:DirectionalLight_1 Label:DirectionalLight SpatiallyLoaded:false EditorBounds:IsValid=true, Min=(X=-1048576.000 Y=-1048576.000 Z=-1048576.000), Max=(X=1048576.000 Y=1048576.000 Z=1048576.000) RuntimeBounds:IsValid=true, Min=(X=-1048576.000 Y=-1048576.000 Z=-1048576.000), Max=(X=1048576.000 Y=1048576.000 Z=1048576.000) RuntimeGrid:None EditorOnly:false RuntimeOnly:false HLODRelevant:false ListedInSceneOutliner:true IsMainWorldOnly:false FolderPath:Lighting FolderGuid:0BA5F0A04EADB18E70D5B180D08FA34B
 |   |- [+] Clusters:
 |   |   |- [+] [  0]
 |   |   |   |- Guid:010AFF3A4B1BCE2A7271808F7603F8C9 NativeClass:/Script/Engine.StaticMeshActor Name:StaticMeshActor_UAID_7C4D8FB8F6A9FF4F02_2137963808 Label:SM_Cube11 SpatiallyLoaded:true EditorBounds:IsValid=true, Min=(X=-339.068 Y=4081.040 Z=-219.283), Max=(X=27.337 Y=4481.040 Z=0.394) RuntimeBounds:IsValid=true, Min=(X=-339.068 Y=4081.040 Z=-219.283), Max=(X=27.337 Y=4481.040 Z=0.394) RuntimeGrid:None EditorOnly:false RuntimeOnly:false HLODRelevant:true ListedInSceneOutliner:true IsMainWorldOnly:false FolderPath:Playground FolderGuid:6C02BB504B69D1F3D7A624B130C18E5B
 |   |   |- [+] [  1]
 |   |   |   |- Guid:06C51E3543336559AC44B6BC8835244F NativeClass:/Script/Engine.StaticMeshActor Name:StaticMeshActor_UAID_7C4D8FB8F6A9FF4F02_1758199806 Label:SM_Cube9 SpatiallyLoaded:true EditorBounds:IsValid=true, Min=(X=-329.534 Y=-152.400 Z=-167.300), Max=(X=32.095 Y=647.600 Z=-1.110) RuntimeBounds:IsValid=true, Min=(X=-329.534 Y=-152.400 Z=-167.300), Max=(X=32.095 Y=647.600 Z=-1.110) RuntimeGrid:None EditorOnly:false RuntimeOnly:false HLODRelevant:true ListedInSceneOutliner:true IsMainWorldOnly:false FolderPath:Playground FolderGuid:6C02BB504B69D1F3D7A624B130C18E5B
 |   |   |- [+] [  2]
 |   |   |   |- Guid:21262252453B37957EF29F82ABA2413B NativeClass:/Script/Engine.TextRenderActor Name:TextRenderActor_1 Label:TextRenderActor SpatiallyLoaded:true EditorBounds:IsValid=true, Min=(X=-0.100 Y=1100.000 Z=65.013), Max=(X=-0.100 Y=2363.461 Z=215.013) RuntimeBounds:IsValid=true, Min=(X=-0.100 Y=1100.000 Z=65.013), Max=(X=-0.100 Y=2363.461 Z=215.013) RuntimeGrid:None EditorOnly:false RuntimeOnly:false HLODRelevant:false ListedInSceneOutliner:true IsMainWorldOnly:false
 |   |   |- [+] [  3]
 |   |   |   |- Guid:381CB68B49BC6F9A1169F1B303DB2B3B NativeClass:/Script/Engine.StaticMeshActor Name:StaticMeshActor_UAID_7C4D8FB8F6A9FE4F02_1407507629 Label:SM_Cube8 SpatiallyLoaded:true EditorBounds:IsValid=true, Min=(X=-1595.473 Y=8044.109 Z=-50.000), Max=(X=-795.473 Y=9044.109 Z=0.000) RuntimeBounds:IsValid=true, Min=(X=-1595.473 Y=8044.109 Z=-50.000), Max=(X=-795.473 Y=9044.109 Z=0.000) RuntimeGrid:None EditorOnly:false RuntimeOnly:false HLODRelevant:true ListedInSceneOutliner:true IsMainWorldOnly:false FolderPath:Playground FolderGuid:6C02BB504B69D1F3D7A624B130C18E5B
 |   |   |- [+] [  4]
 |   |   |   |- Guid:4CE102784BF3BC6A297D4A8F68280AB5 NativeClass:/Script/Engine.StaticMeshActor Name:StaticMeshActor_UAID_7C4D8FB8F6A9FC4F02_1216638271 Label:SM_Cube2 SpatiallyLoaded:true EditorBounds:IsValid=true, Min=(X=-2314.723 Y=-152.400 Z=-161.366), Max=(X=-314.723 Y=647.600 Z=-111.366) RuntimeBounds:IsValid=true, Min=(X=-2314.723 Y=-152.400 Z=-161.366), Max=(X=-314.723 Y=647.600 Z=-111.366) RuntimeGrid:None EditorOnly:false RuntimeOnly:false HLODRelevant:true ListedInSceneOutliner:true IsMainWorldOnly:false FolderPath:Playground FolderGuid:6C02BB504B69D1F3D7A624B130C18E5B
 |   |   |- [+] [  5]
 |   |   |   |- Guid:5FE7584649BB6F09265329A6C57CFD0D NativeClass:/Script/Engine.VolumetricCloud Name:VolumetricCloud_0 Label:VolumetricCloud SpatiallyLoaded:false EditorBounds:IsValid=true, Min=(X=0.000 Y=0.000 Z=820.000), Max=(X=0.000 Y=0.000 Z=820.000) RuntimeBounds:IsValid=true, Min=(X=0.000 Y=0.000 Z=820.000), Max=(X=0.000 Y=0.000 Z=820.000) RuntimeGrid:None EditorOnly:false RuntimeOnly:false HLODRelevant:false ListedInSceneOutliner:true IsMainWorldOnly:false FolderPath:Lighting FolderGuid:0BA5F0A04EADB18E70D5B180D08FA34B
 |   |   |- [+] [  6]
 |   |   |   |- Guid:61391D344900612A77DFC3BA3E354907 NativeClass:/Script/Engine.ExponentialHeightFog Name:ExponentialHeightFog_0 Label:ExponentialHeightFog SpatiallyLoaded:false EditorBounds:IsValid=true, Min=(X=-5600.000 Y=-50.000 Z=-6850.000), Max=(X=-5600.000 Y=-50.000 Z=-6850.000) RuntimeBounds:IsValid=true, Min=(X=-5600.000 Y=-50.000 Z=-6850.000), Max=(X=-5600.000 Y=-50.000 Z=-6850.000) RuntimeGrid:None EditorOnly:false RuntimeOnly:false HLODRelevant:false ListedInSceneOutliner:true IsMainWorldOnly:false FolderPath:Lighting FolderGuid:0BA5F0A04EADB18E70D5B180D08FA34B
 |   |   |- [+] [  7]
 |   |   |   |- Guid:6FEFB3BD4EB37B849EF0D4AC80F83855 NativeClass:/Script/Engine.WorldDataLayers Name:WorldDataLayers Label:WorldDataLayers SpatiallyLoaded:false EditorBounds:IsValid=true, Min=(X=0.000 Y=0.000 Z=0.000), Max=(X=0.000 Y=0.000 Z=0.000) RuntimeBounds:IsValid=true, Min=(X=0.000 Y=0.000 Z=0.000), Max=(X=0.000 Y=0.000 Z=0.000) RuntimeGrid:None EditorOnly:false RuntimeOnly:false HLODRelevant:false ListedInSceneOutliner:true IsMainWorldOnly:true
 |   |   |- [+] [  8]
 |   |   |   |- Guid:78CAF7514C7533F30BD2F19A017AAB65 NativeClass:/Script/Engine.StaticMeshActor Name:StaticMeshActor_0 Label:SM_Cube SpatiallyLoaded:true EditorBounds:IsValid=true, Min=(X=2.703 Y=-152.400 Z=-50.000), Max=(X=802.703 Y=9847.600 Z=0.000) RuntimeBounds:IsValid=true, Min=(X=2.703 Y=-152.400 Z=-50.000), Max=(X=802.703 Y=9847.600 Z=0.000) RuntimeGrid:None EditorOnly:false RuntimeOnly:false HLODRelevant:true ListedInSceneOutliner:true IsMainWorldOnly:false FolderPath:Playground FolderGuid:6C02BB504B69D1F3D7A624B130C18E5B
 |   |   |- [+] [  9]
 |   |   |   |- Guid:7FB0D0DA4F66F4233BE1EFA575900ECC NativeClass:/Script/Engine.StaticMeshActor Name:StaticMeshActor_UAID_7C4D8FB8F6A9005002_1281062987 Label:SM_Cube13 SpatiallyLoaded:true EditorBounds:IsValid=true, Min=(X=-515.614 Y=5621.853 Z=-50.000), Max=(X=0.886 Y=6221.853 Z=-0.000) RuntimeBounds:IsValid=true, Min=(X=-515.614 Y=5621.853 Z=-50.000), Max=(X=0.886 Y=6221.853 Z=-0.000) RuntimeGrid:None EditorOnly:false RuntimeOnly:false HLODRelevant:true ListedInSceneOutliner:true IsMainWorldOnly:false FolderPath:Playground FolderGuid:6C02BB504B69D1F3D7A624B130C18E5B
 |   |   |- [+] [ 10]
 |   |   |   |- Guid:80BE2B5E4EB6F274878BF29247265F1C NativeClass:/Script/Engine.StaticMeshActor Name:StaticMeshActor_UAID_7C4D8FB8F6A9FD4F02_1807002448 Label:SM_Cube3 SpatiallyLoaded:true EditorBounds:IsValid=true, Min=(X=-3514.000 Y=2140.367 Z=-161.000), Max=(X=-314.000 Y=2740.367 Z=-111.000) RuntimeBounds:IsValid=true, Min=(X=-3514.000 Y=2140.367 Z=-161.000), Max=(X=-314.000 Y=2740.367 Z=-111.000) RuntimeGrid:None EditorOnly:false RuntimeOnly:false HLODRelevant:true ListedInSceneOutliner:true IsMainWorldOnly:false FolderPath:Playground FolderGuid:6C02BB504B69D1F3D7A624B130C18E5B
 |   |   |- [+] [ 11]
 |   |   |   |- Guid:83CCBE914D8C04C342DA56A7F8324425 NativeClass:/Script/Engine.StaticMeshActor Name:StaticMeshActor_UAID_7C4D8FB8F6A9FE4F02_1374562628 Label:SM_Cube7 SpatiallyLoaded:true EditorBounds:IsValid=true, Min=(X=-798.230 Y=8326.038 Z=-50.000), Max=(X=1.770 Y=8626.038 Z=0.000) RuntimeBounds:IsValid=true, Min=(X=-798.230 Y=8326.038 Z=-50.000), Max=(X=1.770 Y=8626.038 Z=0.000) RuntimeGrid:None EditorOnly:false RuntimeOnly:false HLODRelevant:true ListedInSceneOutliner:true IsMainWorldOnly:false FolderPath:Playground FolderGuid:6C02BB504B69D1F3D7A624B130C18E5B
 |   |   |- [+] [ 12]
 |   |   |   |- Guid:9FB326F849DFF217AF7579BB87939731 NativeClass:/Script/Engine.StaticMeshActor Name:StaticMeshActor_UAID_7C4D8FB8F6A9FF4F02_2058783807 Label:SM_Cube10 SpatiallyLoaded:true EditorBounds:IsValid=true, Min=(X=-329.534 Y=2134.305 Z=-167.300), Max=(X=32.095 Y=2734.305 Z=-1.110) RuntimeBounds:IsValid=true, Min=(X=-329.534 Y=2134.305 Z=-167.300), Max=(X=32.095 Y=2734.305 Z=-1.110) RuntimeGrid:None EditorOnly:false RuntimeOnly:false HLODRelevant:true ListedInSceneOutliner:true IsMainWorldOnly:false FolderPath:Playground FolderGuid:6C02BB504B69D1F3D7A624B130C18E5B
 |   |   |- [+] [ 13]
 |   |   |   |- Guid:A354B1B24E617A525DC6B48CCDE2417E NativeClass:/Script/Engine.PlayerStart Name:PlayerStart_0 Label:PlayerStart SpatiallyLoaded:false EditorBounds:IsValid=true, Min=(X=388.450 Y=-73.578 Z=-35.987), Max=(X=756.450 Y=182.422 Z=220.013) RuntimeBounds:IsValid=true, Min=(X=476.450 Y=14.422 Z=0.013), Max=(X=556.450 Y=94.422 Z=184.013) RuntimeGrid:None EditorOnly:false RuntimeOnly:false HLODRelevant:false ListedInSceneOutliner:true IsMainWorldOnly:false
 |   |   |- [+] [ 14]
 |   |   |   |- Guid:AA58886C46521AD609A0068BA83D883D NativeClass:/Script/Engine.StaticMeshActor Name:StaticMeshActor_UAID_7C4D8FB8F6A9005002_1249016986 Label:SM_Cube12 SpatiallyLoaded:true EditorBounds:IsValid=true, Min=(X=-851.814 Y=5618.609 Z=-167.300), Max=(X=-490.185 Y=6218.609 Z=-1.110) RuntimeBounds:IsValid=true, Min=(X=-851.814 Y=5618.609 Z=-167.300), Max=(X=-490.185 Y=6218.609 Z=-1.110) RuntimeGrid:None EditorOnly:false RuntimeOnly:false HLODRelevant:true ListedInSceneOutliner:true IsMainWorldOnly:false FolderPath:Playground FolderGuid:6C02BB504B69D1F3D7A624B130C18E5B
 |   |   |- [+] [ 15]
 |   |   |   |- Guid:B03777854357710743EAB791F9E5EC6B NativeClass:/Script/Engine.StaticMeshActor Name:StaticMeshActor_UAID_7C4D8FB8F6A9FE4F02_1121451627 Label:SM_Cube6 SpatiallyLoaded:true EditorBounds:IsValid=true, Min=(X=-3190.588 Y=2497.115 Z=-50.000), Max=(X=-2990.588 Y=5997.115 Z=0.000) RuntimeBounds:IsValid=true, Min=(X=-3190.588 Y=2497.115 Z=-50.000), Max=(X=-2990.588 Y=5997.115 Z=0.000) RuntimeGrid:None EditorOnly:false RuntimeOnly:false HLODRelevant:true ListedInSceneOutliner:true IsMainWorldOnly:false FolderPath:Playground FolderGuid:6C02BB504B69D1F3D7A624B130C18E5B
 |   |   |- [+] [ 16]
 |   |   |   |- Guid:BC9B19D4420E925ED74D749CC1C14E48 NativeClass:/Script/Engine.StaticMeshActor Name:StaticMeshActor_UAID_7C4D8FB8F6A97D4D02_1502194810 Label:Boolean SpatiallyLoaded:true EditorBounds:IsValid=true, Min=(X=1848.112 Y=548.112 Z=0.000), Max=(X=2171.888 Y=906.464 Z=1000.000) RuntimeBounds:IsValid=true, Min=(X=1848.112 Y=548.112 Z=0.000), Max=(X=2171.888 Y=906.464 Z=1000.000) RuntimeGrid:None EditorOnly:false RuntimeOnly:false HLODRelevant:true ListedInSceneOutliner:true IsMainWorldOnly:false
 |   |   |- [+] [ 17]
 |   |   |   |- Guid:C0C56B9644AE3D40CAFF6A878DB29844 NativeClass:/Script/Engine.StaticMeshActor Name:StaticMeshActor_UAID_A4AE111137DC5EFB00_2001720423 Label:SM_SkySphere SpatiallyLoaded:false EditorBounds:IsValid=true, Min=(X=-1638400.000 Y=-1638400.000 Z=-1638400.000), Max=(X=1638400.000 Y=1638400.000 Z=1638400.000) RuntimeBounds:IsValid=true, Min=(X=-1638400.000 Y=-1638400.000 Z=-1638400.000), Max=(X=1638400.000 Y=1638400.000 Z=1638400.000) RuntimeGrid:None EditorOnly:false RuntimeOnly:false HLODRelevant:true ListedInSceneOutliner:true IsMainWorldOnly:false FolderPath:Lighting FolderGuid:0BA5F0A04EADB18E70D5B180D08FA34B
 |   |   |- [+] [ 18]
 |   |   |   |- Guid:C22CE07C4B87D685137FDBBC10FC92C6 NativeClass:/Script/Engine.SkyAtmosphere Name:SkyAtmosphere_0 Label:SkyAtmosphere SpatiallyLoaded:false EditorBounds:IsValid=true, Min=(X=0.000 Y=0.000 Z=1020.000), Max=(X=0.000 Y=0.000 Z=1020.000) RuntimeBounds:IsValid=true, Min=(X=0.000 Y=0.000 Z=1020.000), Max=(X=0.000 Y=0.000 Z=1020.000) RuntimeGrid:None EditorOnly:false RuntimeOnly:false HLODRelevant:false ListedInSceneOutliner:true IsMainWorldOnly:false FolderPath:Lighting FolderGuid:0BA5F0A04EADB18E70D5B180D08FA34B
 |   |   |- [+] [ 19]
 |   |   |   |- Guid:CE8D82634660FCDB3120E2B8D547C533 NativeClass:/Script/Engine.PostProcessVolume Name:PostProcessVolume_0 Label:PostProcessVolume SpatiallyLoaded:false EditorBounds:IsValid=true, Min=(X=0.000 Y=0.000 Z=400.000), Max=(X=200.000 Y=200.000 Z=600.000) RuntimeBounds:IsValid=true, Min=(X=0.000 Y=0.000 Z=400.000), Max=(X=200.000 Y=200.000 Z=600.000) RuntimeGrid:None EditorOnly:false RuntimeOnly:false HLODRelevant:false ListedInSceneOutliner:true IsMainWorldOnly:false FolderPath:Lighting FolderGuid:0BA5F0A04EADB18E70D5B180D08FA34B
 |   |   |- [+] [ 20]
 |   |   |   |- Guid:DCE53E1F4C3575DD0E0E259044AF6DF6 NativeClass:/Script/Engine.StaticMeshActor Name:StaticMeshActor_UAID_7C4D8FB8F6A9FD4F02_1895115449 Label:SM_Cube4 SpatiallyLoaded:true EditorBounds:IsValid=true, Min=(X=-3526.435 Y=4085.709 Z=-223.656), Max=(X=-326.435 Y=4485.709 Z=-173.656) RuntimeBounds:IsValid=true, Min=(X=-3526.435 Y=4085.709 Z=-223.656), Max=(X=-326.435 Y=4485.709 Z=-173.656) RuntimeGrid:None EditorOnly:false RuntimeOnly:false HLODRelevant:true ListedInSceneOutliner:true IsMainWorldOnly:false FolderPath:Playground FolderGuid:6C02BB504B69D1F3D7A624B130C18E5B
 |   |   |- [+] [ 21]
 |   |   |   |- Guid:E5320C1B4FD9764CE7B54D8487AEC613 NativeClass:/Script/Engine.SkyLight Name:SkyLight_0 Label:SkyLight SpatiallyLoaded:false EditorBounds:IsValid=true, Min=(X=0.000 Y=0.000 Z=690.000), Max=(X=0.000 Y=0.000 Z=690.000) RuntimeBounds:IsValid=true, Min=(X=0.000 Y=0.000 Z=690.000), Max=(X=0.000 Y=0.000 Z=690.000) RuntimeGrid:None EditorOnly:false RuntimeOnly:false HLODRelevant:false ListedInSceneOutliner:true IsMainWorldOnly:false FolderPath:Lighting FolderGuid:0BA5F0A04EADB18E70D5B180D08FA34B
 |   |   |- [+] [ 22]
 |   |   |   |- Guid:EF7C81BE4684A51B63D92B991E163461 NativeClass:/Script/Engine.StaticMeshActor Name:StaticMeshActor_UAID_7C4D8FB8F6A9FD4F02_1981559450 Label:SM_Cube5 SpatiallyLoaded:true EditorBounds:IsValid=true, Min=(X=-4050.165 Y=5621.853 Z=-161.000), Max=(X=-850.165 Y=6221.853 Z=-111.000) RuntimeBounds:IsValid=true, Min=(X=-4050.165 Y=5621.853 Z=-161.000), Max=(X=-850.165 Y=6221.853 Z=-111.000) RuntimeGrid:None EditorOnly:false RuntimeOnly:false HLODRelevant:true ListedInSceneOutliner:true IsMainWorldOnly:false FolderPath:Playground FolderGuid:6C02BB504B69D1F3D7A624B130C18E5B
 |   |   |- [+] [ 23]
 |   |   |   |- Guid:F80621C9446867154938FE81375207DA NativeClass:/Script/Engine.DirectionalLight Name:DirectionalLight_1 Label:DirectionalLight SpatiallyLoaded:false EditorBounds:IsValid=true, Min=(X=-1048576.000 Y=-1048576.000 Z=-1048576.000), Max=(X=1048576.000 Y=1048576.000 Z=1048576.000) RuntimeBounds:IsValid=true, Min=(X=-1048576.000 Y=-1048576.000 Z=-1048576.000), Max=(X=1048576.000 Y=1048576.000 Z=1048576.000) RuntimeGrid:None EditorOnly:false RuntimeOnly:false HLODRelevant:false ListedInSceneOutliner:true IsMainWorldOnly:false FolderPath:Lighting FolderGuid:0BA5F0A04EADB18E70D5B180D08FA34B
 |- ContainerInstances:
 |- [+] MainContainer:
 |   |-        ID: 00000000000000000000000000000000
 |   |-  ParentID: 00000000000000000000000000000000
 |   |-    Bounds: IsValid=false, Min=(X=0.000 Y=0.000 Z=0.000), Max=(X=0.000 Y=0.000 Z=0.000)
 |   |- Transform: 0.000000,0.000000,0.000000|0.000000,0.000000,-0.000000|1.000000,1.000000,1.000000
 |   |- Container: /Game/FirstPerson/Maps/FirstPersonMap
----------------------------------------------------------------------------------------------------------------
FirstPersonMap - Persistent Level
----------------------------------------------------------------------------------------------------------------
[+] Content of FirstPersonMap Persistent Level
 |- Always loaded Actor Count: 24 
 |- Actor Path: /Game/FirstPerson/Maps/FirstPersonMap.FirstPersonMap:PersistentLevel.DirectionalLight_1
 |- Actor Package: /Game/__ExternalActors__/FirstPerson/Maps/FirstPersonMap/0/WB/V4ALNTJYOVWM8BU452CKV5
 |- Actor Path: /Game/FirstPerson/Maps/FirstPersonMap.FirstPersonMap:PersistentLevel.ExponentialHeightFog_0
 |- Actor Package: /Game/__ExternalActors__/FirstPerson/Maps/FirstPersonMap/0/CL/381LM03PFI8AF9NED1SEV2
 |- Actor Path: /Game/FirstPerson/Maps/FirstPersonMap.FirstPersonMap:PersistentLevel.PlayerStart_0
 |- Actor Package: /Game/__ExternalActors__/FirstPerson/Maps/FirstPersonMap/8/Z7/W1SXRCM1KAKBJOIZDLHZ47
 |- Actor Path: /Game/FirstPerson/Maps/FirstPersonMap.FirstPersonMap:PersistentLevel.PostProcessVolume_0
 |- Actor Package: /Game/__ExternalActors__/FirstPerson/Maps/FirstPersonMap/E/MX/R1GV431P5FDO08OFULRA01
 |- Actor Path: /Game/FirstPerson/Maps/FirstPersonMap.FirstPersonMap:PersistentLevel.SkyAtmosphere_0
 |- Actor Package: /Game/__ExternalActors__/FirstPerson/Maps/FirstPersonMap/C/VO/VMN4G7K3NKKV6F8HTPHHDB
 |- Actor Path: /Game/FirstPerson/Maps/FirstPersonMap.FirstPersonMap:PersistentLevel.SkyLight_0
 |- Actor Package: /Game/__ExternalActors__/FirstPerson/Maps/FirstPersonMap/6/0Z/5RQIHCZ9W3UXRGL4LTLQAK
 |- Actor Path: /Game/FirstPerson/Maps/FirstPersonMap.FirstPersonMap:PersistentLevel.StaticMeshActor_0
 |- Actor Package: /Game/__ExternalActors__/FirstPerson/Maps/FirstPersonMap/7/L5/1ZJ54FMA0DAL3I2Q8RFAIB
 |- Actor Path: /Game/FirstPerson/Maps/FirstPersonMap.FirstPersonMap:PersistentLevel.StaticMeshActor_UAID_7C4D8FB8F6A9005002_1249016986
 |- Actor Package: /Game/__ExternalActors__/FirstPerson/Maps/FirstPersonMap/0/ZU/EZ9155YYT8L1BWXOK4ZVK8
 |- Actor Path: /Game/FirstPerson/Maps/FirstPersonMap.FirstPersonMap:PersistentLevel.StaticMeshActor_UAID_7C4D8FB8F6A9005002_1281062987
 |- Actor Package: /Game/__ExternalActors__/FirstPerson/Maps/FirstPersonMap/C/IG/84J5SO6S49VCR5KPLY94N8
 |- Actor Path: /Game/FirstPerson/Maps/FirstPersonMap.FirstPersonMap:PersistentLevel.StaticMeshActor_UAID_7C4D8FB8F6A97D4D02_1502194810
 |- Actor Package: /Game/__ExternalActors__/FirstPerson/Maps/FirstPersonMap/B/IK/4XJ6395MRIDWJ1ZHO3YP1R
 |- Actor Path: /Game/FirstPerson/Maps/FirstPersonMap.FirstPersonMap:PersistentLevel.StaticMeshActor_UAID_7C4D8FB8F6A9FC4F02_1216638271
 |- Actor Package: /Game/__ExternalActors__/FirstPerson/Maps/FirstPersonMap/2/5I/XUBZ6RUQ4AMKPWJ8ULJ77I
 |- Actor Path: /Game/FirstPerson/Maps/FirstPersonMap.FirstPersonMap:PersistentLevel.StaticMeshActor_UAID_7C4D8FB8F6A9FD4F02_1807002448
 |- Actor Package: /Game/__ExternalActors__/FirstPerson/Maps/FirstPersonMap/D/K4/D5RZOA4JVQEEK8INJR95GW
 |- Actor Path: /Game/FirstPerson/Maps/FirstPersonMap.FirstPersonMap:PersistentLevel.StaticMeshActor_UAID_7C4D8FB8F6A9FD4F02_1895115449
 |- Actor Package: /Game/__ExternalActors__/FirstPerson/Maps/FirstPersonMap/C/BH/5433R0JS8XJJK74JAHM14P
 |- Actor Path: /Game/FirstPerson/Maps/FirstPersonMap.FirstPersonMap:PersistentLevel.StaticMeshActor_UAID_7C4D8FB8F6A9FD4F02_1981559450
 |- Actor Package: /Game/__ExternalActors__/FirstPerson/Maps/FirstPersonMap/B/SK/IDW4X8XWRH5H2ZCQJ74U4A
 |- Actor Path: /Game/FirstPerson/Maps/FirstPersonMap.FirstPersonMap:PersistentLevel.StaticMeshActor_UAID_7C4D8FB8F6A9FE4F02_1121451627
 |- Actor Package: /Game/__ExternalActors__/FirstPerson/Maps/FirstPersonMap/5/XR/BROLO6MSZDQ122JJM5M282
 |- Actor Path: /Game/FirstPerson/Maps/FirstPersonMap.FirstPersonMap:PersistentLevel.StaticMeshActor_UAID_7C4D8FB8F6A9FE4F02_1374562628
 |- Actor Package: /Game/__ExternalActors__/FirstPerson/Maps/FirstPersonMap/A/94/BOXP7FKL9UTFXX0VMF2GAB
 |- Actor Path: /Game/FirstPerson/Maps/FirstPersonMap.FirstPersonMap:PersistentLevel.StaticMeshActor_UAID_7C4D8FB8F6A9FE4F02_1407507629
 |- Actor Package: /Game/__ExternalActors__/FirstPerson/Maps/FirstPersonMap/8/HO/YE5CXWGFDK0HAAN8YY8XVS
 |- Actor Path: /Game/FirstPerson/Maps/FirstPersonMap.FirstPersonMap:PersistentLevel.StaticMeshActor_UAID_7C4D8FB8F6A9FF4F02_1758199806
 |- Actor Package: /Game/__ExternalActors__/FirstPerson/Maps/FirstPersonMap/8/39/TTC2P2EGNAPWTH2VG4B8LP
 |- Actor Path: /Game/FirstPerson/Maps/FirstPersonMap.FirstPersonMap:PersistentLevel.StaticMeshActor_UAID_7C4D8FB8F6A9FF4F02_2058783807
 |- Actor Package: /Game/__ExternalActors__/FirstPerson/Maps/FirstPersonMap/9/PG/MXBN65SIFL72YYN683K9Z7
 |- Actor Path: /Game/FirstPerson/Maps/FirstPersonMap.FirstPersonMap:PersistentLevel.StaticMeshActor_UAID_7C4D8FB8F6A9FF4F02_2137963808
 |- Actor Package: /Game/__ExternalActors__/FirstPerson/Maps/FirstPersonMap/3/SK/54P4C7B8PT7ZBRCL2MT3G1
 |- Actor Path: /Game/FirstPerson/Maps/FirstPersonMap.FirstPersonMap:PersistentLevel.StaticMeshActor_UAID_A4AE111137DC5EFB00_2001720423
 |- Actor Package: /Game/__ExternalActors__/FirstPerson/Maps/FirstPersonMap/C/ZU/PDQ0AB8RLNMVID876FD49G
 |- Actor Path: /Game/FirstPerson/Maps/FirstPersonMap.FirstPersonMap:PersistentLevel.TextRenderActor_1
 |- Actor Package: /Game/__ExternalActors__/FirstPerson/Maps/FirstPersonMap/1/RN/55P1SMQLAF7OK6300D5I8N
 |- Actor Path: /Game/FirstPerson/Maps/FirstPersonMap.FirstPersonMap:PersistentLevel.VolumetricCloud_0
 |- Actor Package: /Game/__ExternalActors__/FirstPerson/Maps/FirstPersonMap/0/GO/I8WEFD3RY9V3NVQLSU6QM4
 |- Actor Path: /Game/FirstPerson/Maps/FirstPersonMap.FirstPersonMap:PersistentLevel.WorldDataLayers
 |- Actor Package: /Game/__ExternalActors__/FirstPerson/Maps/FirstPersonMap/D/0W/E1FKEGVKGOLM7HGLQPCIPO

----------------------------------------------------------------------------------------------------------------
FirstPersonMap - Runtime Hash Set
----------------------------------------------------------------------------------------------------------------

